2022.09.18 19:42:06 INFO  tracing is disabled for protocol LSP, to enable tracing of incoming and outgoing JSON messages create an empty file at c:\Users\Jtellez\OneDrive - Poly\Documents\4tosemestre\BIGDATA\ClaseBigData\Unit1\practices\.metals\lsp.trace.json or C:\Users\Jtellez\AppData\Local\scalameta\metals\cache\lsp.trace.json
2022.09.18 19:42:09 INFO  logging to file C:\Users\Jtellez\OneDrive - Poly\Documents\4tosemestre\BIGDATA\ClaseBigData\Unit1\practices\.metals\metals.log
2022.09.18 19:42:09 INFO  Started: Metals version 0.11.8 in workspace 'C:\Users\Jtellez\OneDrive - Poly\Documents\4tosemestre\BIGDATA\ClaseBigData\Unit1\practices' for client Visual Studio Code 1.71.2.
2022.09.18 19:42:12 WARN  Flyway upgrade recommended: H2 2.1.214 is newer than this version of Flyway and support has not been tested. The latest supported version of H2 is 2.1.210.
2022.09.18 19:42:14 INFO  time: initialize in 4.64s
2022.09.18 19:42:18 WARN  Build server is not auto-connectable.
2022.09.18 19:42:18 WARN  no build tool detected in workspace 'C:\Users\Jtellez\OneDrive - Poly\Documents\4tosemestre\BIGDATA\ClaseBigData\Unit1\practices'. The most common cause for this problem is that the editor was opened in the wrong working directory, for example if you use sbt then the workspace directory should contain build.sbt. 
2022.09.18 19:42:18 WARN  no build target for: C:\Users\Jtellez\OneDrive - Poly\Documents\4tosemestre\BIGDATA\ClaseBigData\Unit1\practices\practice6Scala.scala
2022.09.18 19:42:29 INFO  no build target found for C:\Users\Jtellez\OneDrive - Poly\Documents\4tosemestre\BIGDATA\ClaseBigData\Unit1\practices\practice6Scala.scala. Using presentation compiler with project's scala-library version: 3.1.3
2022.09.18 19:42:33 INFO  time: code lens generation in 13s
2022.09.18 19:42:33 INFO  time: code lens generation in 13s
2022.09.18 19:59:56 WARN  no build target for: C:\Users\Jtellez\OneDrive - Poly\Documents\4tosemestre\BIGDATA\ClaseBigData\Unit1\practices\practice6Scala.scala
Sep 18, 2022 8:05:42 PM org.eclipse.lsp4j.jsonrpc.services.GenericEndpoint notify
INFO: Unsupported notification method: $/setTrace
2022.09.18 20:05:59 INFO  shutting down Metals
2022.09.20 18:02:58 INFO  tracing is disabled for protocol LSP, to enable tracing of incoming and outgoing JSON messages create an empty file at c:\Users\Jtellez\OneDrive - Poly\Documents\4tosemestre\BIGDATA\ClaseBigData\Unit1\practices\.metals\lsp.trace.json or C:\Users\Jtellez\AppData\Local\scalameta\metals\cache\lsp.trace.json
2022.09.20 18:03:02 INFO  logging to file C:\Users\Jtellez\OneDrive - Poly\Documents\4tosemestre\BIGDATA\ClaseBigData\Unit1\practices\.metals\metals.log
2022.09.20 18:03:02 INFO  Started: Metals version 0.11.8 in workspace 'C:\Users\Jtellez\OneDrive - Poly\Documents\4tosemestre\BIGDATA\ClaseBigData\Unit1\practices' for client Visual Studio Code 1.71.2.
2022.09.20 18:03:09 WARN  Flyway upgrade recommended: H2 2.1.214 is newer than this version of Flyway and support has not been tested. The latest supported version of H2 is 2.1.210.
2022.09.20 18:03:09 INFO  time: initialize in 7.9s
2022.09.20 18:03:13 WARN  Build server is not auto-connectable.
2022.09.20 18:03:13 WARN  no build tool detected in workspace 'C:\Users\Jtellez\OneDrive - Poly\Documents\4tosemestre\BIGDATA\ClaseBigData\Unit1\practices'. The most common cause for this problem is that the editor was opened in the wrong working directory, for example if you use sbt then the workspace directory should contain build.sbt. 
2022.09.20 18:03:13 WARN  no build target for: C:\Users\Jtellez\OneDrive - Poly\Documents\4tosemestre\BIGDATA\ClaseBigData\Unit1\practices\practice6Scala.scala
2022.09.20 18:03:27 INFO  no build target found for C:\Users\Jtellez\OneDrive - Poly\Documents\4tosemestre\BIGDATA\ClaseBigData\Unit1\practices\practice6Scala.scala. Using presentation compiler with project's scala-library version: 3.1.3
2022.09.20 18:03:32 INFO  time: code lens generation in 18s
Sep 20, 2022 6:06:35 PM org.eclipse.lsp4j.jsonrpc.RemoteEndpoint fallbackResponseError
SEVERE: Internal error: file:///C:/Users/Jtellez/OneDrive%20-%20Poly/Documents/4tosemestre/BIGDATA/ClaseBigData/Unit1/practices/practice6Scala.scala:18: error: Invalid literal number
for(a <-0n to n){
        ^
java.util.concurrent.CompletionException: file:///C:/Users/Jtellez/OneDrive%20-%20Poly/Documents/4tosemestre/BIGDATA/ClaseBigData/Unit1/practices/practice6Scala.scala:18: error: Invalid literal number
for(a <-0n to n){
        ^
	at java.base/java.util.concurrent.CompletableFuture.encodeThrowable(CompletableFuture.java:331)
	at java.base/java.util.concurrent.CompletableFuture.completeThrowable(CompletableFuture.java:346)
	at java.base/java.util.concurrent.CompletableFuture$UniAccept.tryFire(CompletableFuture.java:704)
	at java.base/java.util.concurrent.CompletableFuture.postComplete(CompletableFuture.java:506)
	at java.base/java.util.concurrent.CompletableFuture.completeExceptionally(CompletableFuture.java:2088)
	at scala.meta.internal.metals.CancelTokens$.$anonfun$future$1(CancelTokens.scala:40)
	at scala.meta.internal.metals.CancelTokens$.$anonfun$future$1$adapted(CancelTokens.scala:38)
	at scala.concurrent.impl.Promise$Transformation.run(Promise.scala:484)
	at java.base/java.util.concurrent.ThreadPoolExecutor.runWorker(ThreadPoolExecutor.java:1128)
	at java.base/java.util.concurrent.ThreadPoolExecutor$Worker.run(ThreadPoolExecutor.java:628)
	at java.base/java.lang.Thread.run(Thread.java:834)
Caused by: file:///C:/Users/Jtellez/OneDrive%20-%20Poly/Documents/4tosemestre/BIGDATA/ClaseBigData/Unit1/practices/practice6Scala.scala:18: error: Invalid literal number
for(a <-0n to n){
        ^
	at scala.meta.internal.tokenizers.Reporter.syntaxError(Reporter.scala:23)
	at scala.meta.internal.tokenizers.Reporter.syntaxError$(Reporter.scala:23)
	at scala.meta.internal.tokenizers.Reporter$$anon$1.syntaxError(Reporter.scala:33)
	at scala.meta.internal.tokenizers.Reporter.syntaxError(Reporter.scala:25)
	at scala.meta.internal.tokenizers.Reporter.syntaxError$(Reporter.scala:25)
	at scala.meta.internal.tokenizers.Reporter$$anon$1.syntaxError(Reporter.scala:33)
	at scala.meta.internal.tokenizers.LegacyScanner.checkNoLetter(LegacyScanner.scala:855)
	at scala.meta.internal.tokenizers.LegacyScanner.restOfUncertainToken$1(LegacyScanner.scala:899)
	at scala.meta.internal.tokenizers.LegacyScanner.getNumber(LegacyScanner.scala:907)
	at scala.meta.internal.tokenizers.LegacyScanner.fetchZero$1(LegacyScanner.scala:362)
	at scala.meta.internal.tokenizers.LegacyScanner.fetchToken(LegacyScanner.scala:364)
	at scala.meta.internal.tokenizers.LegacyScanner.nextToken(LegacyScanner.scala:245)
	at scala.meta.internal.mtags.ScalaToplevelMtags.acceptBalancedDelimeters(ScalaToplevelMtags.scala:368)
	at scala.meta.internal.mtags.ScalaToplevelMtags.loop(ScalaToplevelMtags.scala:266)
	at scala.meta.internal.mtags.ScalaToplevelMtags.indexRoot(ScalaToplevelMtags.scala:50)
	at scala.meta.internal.mtags.MtagsIndexer.index(MtagsIndexer.scala:19)
	at scala.meta.internal.mtags.MtagsIndexer.index$(MtagsIndexer.scala:18)
	at scala.meta.internal.mtags.ScalaToplevelMtags.index(ScalaToplevelMtags.scala:40)
	at scala.meta.internal.mtags.Mtags$.allToplevels(Mtags.scala:96)
	at scala.meta.internal.metals.DefinitionProvider.fromMtags(DefinitionProvider.scala:269)
	at scala.meta.internal.metals.DefinitionProvider.$anonfun$positionOccurrence$3(DefinitionProvider.scala:202)
	at scala.Option.orElse(Option.scala:477)
	at scala.meta.internal.metals.DefinitionProvider.$anonfun$positionOccurrence$1(DefinitionProvider.scala:202)
	at scala.Option.flatMap(Option.scala:283)
	at scala.meta.internal.metals.DefinitionProvider.positionOccurrence(DefinitionProvider.scala:197)
	at scala.meta.internal.metals.DocumentHighlightProvider.$anonfun$documentHighlight$1(DocumentHighlightProvider.scala:34)
	at scala.collection.immutable.List.map(List.scala:246)
	at scala.meta.internal.metals.DocumentHighlightProvider.documentHighlight(DocumentHighlightProvider.scala:30)
	at scala.meta.internal.metals.MetalsLanguageServer.$anonfun$documentHighlights$1(MetalsLanguageServer.scala:1508)
	at scala.meta.internal.metals.CancelTokens$.$anonfun$apply$2(CancelTokens.scala:26)
	at scala.concurrent.Future$.$anonfun$apply$1(Future.scala:678)
	at scala.concurrent.impl.Promise$Transformation.run(Promise.scala:467)
	... 3 more

2022.09.20 18:07:21 WARN  no build target for: C:\Users\Jtellez\OneDrive - Poly\Documents\4tosemestre\BIGDATA\ClaseBigData\Unit1\practices\practice6Scala.scala
2022.09.20 18:07:59 INFO  shutting down Metals
2022.09.21 10:52:37 INFO  tracing is disabled for protocol LSP, to enable tracing of incoming and outgoing JSON messages create an empty file at c:\Users\Jtellez\OneDrive - Poly\Documents\4tosemestre\BIGDATA\ClaseBigData\Unit1\practices\.metals\lsp.trace.json or C:\Users\Jtellez\AppData\Local\scalameta\metals\cache\lsp.trace.json
2022.09.21 10:52:40 INFO  logging to file C:\Users\Jtellez\OneDrive - Poly\Documents\4tosemestre\BIGDATA\ClaseBigData\Unit1\practices\.metals\metals.log
2022.09.21 10:52:40 INFO  Started: Metals version 0.11.8 in workspace 'C:\Users\Jtellez\OneDrive - Poly\Documents\4tosemestre\BIGDATA\ClaseBigData\Unit1\practices' for client Visual Studio Code 1.71.2.
2022.09.21 10:52:48 WARN  Flyway upgrade recommended: H2 2.1.214 is newer than this version of Flyway and support has not been tested. The latest supported version of H2 is 2.1.210.
2022.09.21 10:52:50 INFO  time: initialize in 10s
2022.09.21 10:52:57 WARN  Build server is not auto-connectable.
2022.09.21 10:52:57 WARN  no build tool detected in workspace 'C:\Users\Jtellez\OneDrive - Poly\Documents\4tosemestre\BIGDATA\ClaseBigData\Unit1\practices'. The most common cause for this problem is that the editor was opened in the wrong working directory, for example if you use sbt then the workspace directory should contain build.sbt. 
2022.09.21 10:52:57 WARN  no build target for: C:\Users\Jtellez\OneDrive - Poly\Documents\4tosemestre\BIGDATA\ClaseBigData\Unit1\practices\practice6Scala.scala
2022.09.21 10:53:16 INFO  no build target found for C:\Users\Jtellez\OneDrive - Poly\Documents\4tosemestre\BIGDATA\ClaseBigData\Unit1\practices\practice6Scala.scala. Using presentation compiler with project's scala-library version: 3.1.3
2022.09.21 10:53:24 INFO  time: code lens generation in 25s
Exception in thread "pool-3-thread-1" java.lang.InterruptedException
	at scala.meta.internal.metals.FutureCancelToken.checkCanceled(FutureCancelToken.scala:29)
	at scala.meta.internal.pc.CompilerAccess.onCompilerJobQueue$$anonfun$1(CompilerAccess.scala:195)
	at scala.meta.internal.pc.CompilerJobQueue$Job.run(CompilerJobQueue.scala:152)
	at java.base/java.util.concurrent.ThreadPoolExecutor.runWorker(ThreadPoolExecutor.java:1128)
	at java.base/java.util.concurrent.ThreadPoolExecutor$Worker.run(ThreadPoolExecutor.java:628)
	at java.base/java.lang.Thread.run(Thread.java:834)
2022.09.21 10:54:49 WARN  no build target for: C:\Users\Jtellez\OneDrive - Poly\Documents\4tosemestre\BIGDATA\ClaseBigData\Unit1\practices\practice6Scala.scala
2022.09.21 10:54:52 WARN  no build target for: C:\Users\Jtellez\OneDrive - Poly\Documents\4tosemestre\BIGDATA\ClaseBigData\Unit1\practices\practice6Scala.scala
Exception in thread "pool-3-thread-2" java.lang.InterruptedException
	at scala.meta.internal.metals.FutureCancelToken.checkCanceled(FutureCancelToken.scala:29)
	at scala.meta.internal.pc.CompilerAccess.onCompilerJobQueue$$anonfun$1(CompilerAccess.scala:195)
	at scala.meta.internal.pc.CompilerJobQueue$Job.run(CompilerJobQueue.scala:152)
	at java.base/java.util.concurrent.ThreadPoolExecutor.runWorker(ThreadPoolExecutor.java:1128)
	at java.base/java.util.concurrent.ThreadPoolExecutor$Worker.run(ThreadPoolExecutor.java:628)
	at java.base/java.lang.Thread.run(Thread.java:834)
Sep 21, 2022 10:55:11 AM org.eclipse.lsp4j.jsonrpc.RemoteEndpoint handleCancellation
WARNING: Unmatched cancel notification for request id 41
Sep 21, 2022 11:10:22 AM org.eclipse.lsp4j.jsonrpc.RemoteEndpoint handleCancellation
WARNING: Unmatched cancel notification for request id 63
Sep 21, 2022 11:10:51 AM org.eclipse.lsp4j.jsonrpc.RemoteEndpoint handleCancellation
WARNING: Unmatched cancel notification for request id 107
2022.09.21 11:13:26 WARN  no build target for: C:\Users\Jtellez\OneDrive - Poly\Documents\4tosemestre\BIGDATA\ClaseBigData\Unit1\practices\practice6Scala.scala
2022.09.21 11:17:03 INFO  shutting down Metals
2022.09.21 11:19:47 INFO  tracing is disabled for protocol LSP, to enable tracing of incoming and outgoing JSON messages create an empty file at c:\Users\Jtellez\OneDrive - Poly\Documents\4tosemestre\BIGDATA\ClaseBigData\Unit1\practices\.metals\lsp.trace.json or C:\Users\Jtellez\AppData\Local\scalameta\metals\cache\lsp.trace.json
2022.09.21 11:19:50 INFO  logging to file C:\Users\Jtellez\OneDrive - Poly\Documents\4tosemestre\BIGDATA\ClaseBigData\Unit1\practices\.metals\metals.log
2022.09.21 11:19:50 INFO  Started: Metals version 0.11.8 in workspace 'C:\Users\Jtellez\OneDrive - Poly\Documents\4tosemestre\BIGDATA\ClaseBigData\Unit1\practices' for client Visual Studio Code 1.71.2.
2022.09.21 11:19:55 WARN  Flyway upgrade recommended: H2 2.1.214 is newer than this version of Flyway and support has not been tested. The latest supported version of H2 is 2.1.210.
2022.09.21 11:19:56 INFO  time: initialize in 6.26s
2022.09.21 11:20:00 WARN  Build server is not auto-connectable.
2022.09.21 11:20:00 WARN  no build tool detected in workspace 'C:\Users\Jtellez\OneDrive - Poly\Documents\4tosemestre\BIGDATA\ClaseBigData\Unit1\practices'. The most common cause for this problem is that the editor was opened in the wrong working directory, for example if you use sbt then the workspace directory should contain build.sbt. 
2022.09.21 11:20:00 WARN  no build target for: C:\Users\Jtellez\OneDrive - Poly\Documents\4tosemestre\BIGDATA\ClaseBigData\Unit1\practices\practice6Scala.scala
Sep 21, 2022 11:20:00 AM org.eclipse.lsp4j.jsonrpc.RemoteEndpoint handleCancellation
WARNING: Unmatched cancel notification for request id 1
Sep 21, 2022 11:20:01 AM org.eclipse.lsp4j.jsonrpc.RemoteEndpoint handleCancellation
WARNING: Unmatched cancel notification for request id 2
Sep 21, 2022 11:20:01 AM org.eclipse.lsp4j.jsonrpc.RemoteEndpoint handleCancellation
WARNING: Unmatched cancel notification for request id 3
Sep 21, 2022 11:20:01 AM org.eclipse.lsp4j.jsonrpc.RemoteEndpoint handleCancellation
WARNING: Unmatched cancel notification for request id 6
2022.09.21 11:20:01 WARN  no build target for: C:\Users\Jtellez\OneDrive - Poly\Documents\4tosemestre\BIGDATA\ClaseBigData\Unit1\practices\practice6Scala.scala
Sep 21, 2022 11:20:01 AM org.eclipse.lsp4j.jsonrpc.RemoteEndpoint handleCancellation
WARNING: Unmatched cancel notification for request id 12
2022.09.21 11:20:08 INFO  no build target found for C:\Users\Jtellez\OneDrive - Poly\Documents\4tosemestre\BIGDATA\ClaseBigData\Unit1\practices\practice6Scala.scala. Using presentation compiler with project's scala-library version: 3.1.3
2022.09.21 11:20:15 INFO  time: code lens generation in 14s
2022.09.21 11:20:15 INFO  time: code lens generation in 14s
2022.09.21 11:21:11 WARN  no build target for: C:\Users\Jtellez\OneDrive - Poly\Documents\4tosemestre\BIGDATA\ClaseBigData\Unit1\practices\practice4Scala.scala
2022.09.21 11:21:22 WARN  no build target for: C:\Users\Jtellez\OneDrive - Poly\Documents\4tosemestre\BIGDATA\ClaseBigData\Unit1\practices\practice4.scala
2022.09.21 11:21:27 WARN  no build target for: C:\Users\Jtellez\OneDrive - Poly\Documents\4tosemestre\BIGDATA\ClaseBigData\Unit1\practices\practice3Scala.scala
2022.09.21 11:21:35 WARN  no build target for: C:\Users\Jtellez\OneDrive - Poly\Documents\4tosemestre\BIGDATA\ClaseBigData\Unit1\practices\practice1.scala
2022.09.21 11:21:37 WARN  no build target for: C:\Users\Jtellez\OneDrive - Poly\Documents\4tosemestre\BIGDATA\ClaseBigData\Unit1\practices\practice4Scala.scala
2022.09.21 11:21:57 WARN  no build target for: C:\Users\Jtellez\OneDrive - Poly\Documents\4tosemestre\BIGDATA\ClaseBigData\Unit1\practices\practice6Scala.scala
Exception in thread "pool-3-thread-1" java.lang.InterruptedException
	at scala.meta.internal.metals.FutureCancelToken.checkCanceled(FutureCancelToken.scala:29)
	at scala.meta.internal.pc.CompilerAccess.onCompilerJobQueue$$anonfun$1(CompilerAccess.scala:195)
	at scala.meta.internal.pc.CompilerJobQueue$Job.run(CompilerJobQueue.scala:152)
	at java.base/java.util.concurrent.ThreadPoolExecutor.runWorker(ThreadPoolExecutor.java:1128)
	at java.base/java.util.concurrent.ThreadPoolExecutor$Worker.run(ThreadPoolExecutor.java:628)
	at java.base/java.lang.Thread.run(Thread.java:834)
Exception in thread "pool-3-thread-2" java.lang.InterruptedException
	at scala.meta.internal.metals.FutureCancelToken.checkCanceled(FutureCancelToken.scala:29)
	at scala.meta.internal.pc.CompilerAccess.onCompilerJobQueue$$anonfun$1(CompilerAccess.scala:195)
	at scala.meta.internal.pc.CompilerJobQueue$Job.run(CompilerJobQueue.scala:152)
	at java.base/java.util.concurrent.ThreadPoolExecutor.runWorker(ThreadPoolExecutor.java:1128)
	at java.base/java.util.concurrent.ThreadPoolExecutor$Worker.run(ThreadPoolExecutor.java:628)
	at java.base/java.lang.Thread.run(Thread.java:834)
Sep 21, 2022 11:21:59 AM scala.meta.internal.pc.CompilerAccess handleError
SEVERE: Toplevel definition lista is defined in
  C:\Users\Jtellez\OneDrive - Poly\Documents\4tosemestre\BIGDATA\ClaseBigData\Unit1\practices\practice4.scala
and also in
  C:\Users\Jtellez\OneDrive - Poly\Documents\4tosemestre\BIGDATA\ClaseBigData\Unit1\practices\practice4Scala.scala
One of these files should be removed from the classpath.
dotty.tools.dotc.core.TypeError: Toplevel definition lista is defined in
  C:\Users\Jtellez\OneDrive - Poly\Documents\4tosemestre\BIGDATA\ClaseBigData\Unit1\practices\practice4.scala
and also in
  C:\Users\Jtellez\OneDrive - Poly\Documents\4tosemestre\BIGDATA\ClaseBigData\Unit1\practices\practice4Scala.scala
One of these files should be removed from the classpath.
	at dotty.tools.dotc.core.SymDenotations$PackageClassDenotation.dropStale$1(SymDenotations.scala:2431)
	at dotty.tools.dotc.core.SymDenotations$PackageClassDenotation.recur$5(SymDenotations.scala:2395)
	at dotty.tools.dotc.core.SymDenotations$PackageClassDenotation.computeMembersNamed(SymDenotations.scala:2451)
	at dotty.tools.dotc.core.SymDenotations$ClassDenotation.membersNamed(SymDenotations.scala:2010)
	at dotty.tools.dotc.core.SymDenotations$ClassDenotation.findMember(SymDenotations.scala:2061)
	at dotty.tools.dotc.core.Types$Type.go$1(Types.scala:683)
	at dotty.tools.dotc.core.Types$Type.goThis$1(Types.scala:808)
	at dotty.tools.dotc.core.Types$Type.go$1(Types.scala:700)
	at dotty.tools.dotc.core.Types$Type.findMember(Types.scala:876)
	at dotty.tools.dotc.core.Types$Type.memberBasedOnFlags(Types.scala:666)
	at dotty.tools.dotc.core.Types$Type.member(Types.scala:650)
	at dotty.tools.dotc.core.Types$Type.allMembers$$anonfun$1(Types.scala:1017)
	at scala.runtime.function.JProcedure2.apply(JProcedure2.java:15)
	at scala.runtime.function.JProcedure2.apply(JProcedure2.java:10)
	at dotty.tools.dotc.core.Types$Type.memberDenots$$anonfun$1(Types.scala:922)
	at scala.runtime.function.JProcedure1.apply(JProcedure1.java:15)
	at scala.runtime.function.JProcedure1.apply(JProcedure1.java:10)
	at scala.collection.immutable.HashSet.foreach(HashSet.scala:937)
	at dotty.tools.dotc.core.Types$Type.memberDenots(Types.scala:922)
	at dotty.tools.dotc.core.Types$Type.allMembers(Types.scala:1017)
	at scala.meta.internal.pc.IndexedContext$.accesibleMembers$1(IndexedContext.scala:134)
	at scala.meta.internal.pc.IndexedContext$.scala$meta$internal$pc$IndexedContext$$$extractNames(IndexedContext.scala:192)
	at scala.meta.internal.pc.IndexedContext$LazyWrapper.<init>(IndexedContext.scala:84)
	at scala.meta.internal.pc.IndexedContext$.apply(IndexedContext.scala:72)
	at scala.meta.internal.pc.IndexedContext$LazyWrapper.<init>(IndexedContext.scala:83)
	at scala.meta.internal.pc.IndexedContext$.apply(IndexedContext.scala:72)
	at scala.meta.internal.pc.IndexedContext$LazyWrapper.<init>(IndexedContext.scala:83)
	at scala.meta.internal.pc.IndexedContext$.apply(IndexedContext.scala:72)
	at scala.meta.internal.pc.IndexedContext$LazyWrapper.<init>(IndexedContext.scala:83)
	at scala.meta.internal.pc.IndexedContext$.apply(IndexedContext.scala:72)
	at scala.meta.internal.pc.PcDefinitionProvider.definitions(PcDefinitionProvider.scala:50)

2022.09.21 11:22:25 WARN  no build target for: C:\Users\Jtellez\OneDrive - Poly\Documents\4tosemestre\BIGDATA\BigData\Scala_Basics\Session_01.scala
Sep 21, 2022 11:22:41 AM org.eclipse.lsp4j.jsonrpc.RemoteEndpoint handleCancellation
WARNING: Unmatched cancel notification for request id 91
2022.09.21 11:22:41 WARN  no build target for: C:\Users\Jtellez\OneDrive - Poly\Documents\4tosemestre\BIGDATA\BigData\Scala_Basics\Session_02.scala
2022.09.21 11:22:52 WARN  no build target for: C:\Users\Jtellez\OneDrive - Poly\Documents\4tosemestre\BIGDATA\BigData\Scala_Basics\Session_03.scala
2022.09.21 11:23:20 WARN  no build target for: C:\Users\Jtellez\OneDrive - Poly\Documents\4tosemestre\BIGDATA\BigData\Scala_Basics\Session_04.scala
Sep 21, 2022 11:23:20 AM org.eclipse.lsp4j.jsonrpc.RemoteEndpoint handleCancellation
WARNING: Unmatched cancel notification for request id 108
2022.09.21 11:23:32 WARN  no build target for: C:\Users\Jtellez\OneDrive - Poly\Documents\4tosemestre\BIGDATA\BigData\Scala_Basics\Session_05.scala
Sep 21, 2022 11:23:32 AM org.eclipse.lsp4j.jsonrpc.RemoteEndpoint handleCancellation
WARNING: Unmatched cancel notification for request id 117
Sep 21, 2022 11:24:03 AM org.eclipse.lsp4j.jsonrpc.RemoteEndpoint handleCancellation
WARNING: Unmatched cancel notification for request id 133
Sep 21, 2022 11:24:03 AM org.eclipse.lsp4j.jsonrpc.RemoteEndpoint handleCancellation
WARNING: Unmatched cancel notification for request id 135
2022.09.21 11:24:05 WARN  no build target for: C:\Users\Jtellez\OneDrive - Poly\Documents\4tosemestre\BIGDATA\ClaseBigData\Unit1\practices\practice6Scala.scala
Sep 21, 2022 11:24:05 AM scala.meta.internal.pc.CompilerAccess handleError
SEVERE: Toplevel definition x is defined in
  C:\Users\Jtellez\OneDrive - Poly\Documents\4tosemestre\BIGDATA\BigData\Scala_Basics\Session_04.scala
and also in
  C:\Users\Jtellez\OneDrive - Poly\Documents\4tosemestre\BIGDATA\BigData\Scala_Basics\Session_05.scala
One of these files should be removed from the classpath.
dotty.tools.dotc.core.TypeError: Toplevel definition x is defined in
  C:\Users\Jtellez\OneDrive - Poly\Documents\4tosemestre\BIGDATA\BigData\Scala_Basics\Session_04.scala
and also in
  C:\Users\Jtellez\OneDrive - Poly\Documents\4tosemestre\BIGDATA\BigData\Scala_Basics\Session_05.scala
One of these files should be removed from the classpath.
	at dotty.tools.dotc.core.SymDenotations$PackageClassDenotation.dropStale$1(SymDenotations.scala:2431)
	at dotty.tools.dotc.core.SymDenotations$PackageClassDenotation.recur$5(SymDenotations.scala:2395)
	at dotty.tools.dotc.core.SymDenotations$PackageClassDenotation.computeMembersNamed(SymDenotations.scala:2451)
	at dotty.tools.dotc.core.SymDenotations$ClassDenotation.membersNamed(SymDenotations.scala:2010)
	at dotty.tools.dotc.core.SymDenotations$ClassDenotation.findMember(SymDenotations.scala:2061)
	at dotty.tools.dotc.core.Types$Type.go$1(Types.scala:683)
	at dotty.tools.dotc.core.Types$Type.goThis$1(Types.scala:808)
	at dotty.tools.dotc.core.Types$Type.go$1(Types.scala:700)
	at dotty.tools.dotc.core.Types$Type.findMember(Types.scala:876)
	at dotty.tools.dotc.core.Types$Type.memberBasedOnFlags(Types.scala:666)
	at dotty.tools.dotc.core.Types$Type.member(Types.scala:650)
	at dotty.tools.dotc.core.Types$Type.allMembers$$anonfun$1(Types.scala:1017)
	at scala.runtime.function.JProcedure2.apply(JProcedure2.java:15)
	at scala.runtime.function.JProcedure2.apply(JProcedure2.java:10)
	at dotty.tools.dotc.core.Types$Type.memberDenots$$anonfun$1(Types.scala:922)
	at scala.runtime.function.JProcedure1.apply(JProcedure1.java:15)
	at scala.runtime.function.JProcedure1.apply(JProcedure1.java:10)
	at scala.collection.immutable.HashSet.foreach(HashSet.scala:937)
	at dotty.tools.dotc.core.Types$Type.memberDenots(Types.scala:922)
	at dotty.tools.dotc.core.Types$Type.allMembers(Types.scala:1017)
	at scala.meta.internal.pc.IndexedContext$.accesibleMembers$1(IndexedContext.scala:134)
	at scala.meta.internal.pc.IndexedContext$.scala$meta$internal$pc$IndexedContext$$$extractNames(IndexedContext.scala:192)
	at scala.meta.internal.pc.IndexedContext$LazyWrapper.<init>(IndexedContext.scala:84)
	at scala.meta.internal.pc.IndexedContext$.apply(IndexedContext.scala:72)
	at scala.meta.internal.pc.IndexedContext$LazyWrapper.<init>(IndexedContext.scala:83)
	at scala.meta.internal.pc.IndexedContext$.apply(IndexedContext.scala:72)
	at scala.meta.internal.pc.IndexedContext$LazyWrapper.<init>(IndexedContext.scala:83)
	at scala.meta.internal.pc.IndexedContext$.apply(IndexedContext.scala:72)
	at scala.meta.internal.pc.IndexedContext$LazyWrapper.<init>(IndexedContext.scala:83)
	at scala.meta.internal.pc.IndexedContext$.apply(IndexedContext.scala:72)
	at scala.meta.internal.pc.PcDefinitionProvider.definitions(PcDefinitionProvider.scala:50)

2022.09.21 11:24:12 WARN  no build target for: C:\Users\Jtellez\OneDrive - Poly\Documents\4tosemestre\BIGDATA\ClaseBigData\Unit1\practices\practice6Scala.scala
2022.09.21 11:24:12 WARN  no build target for: C:\Users\Jtellez\OneDrive - Poly\Documents\4tosemestre\BIGDATA\ClaseBigData\Unit1\practices\practice6Scala.scala
2022.09.21 11:24:15 WARN  no build target for: C:\Users\Jtellez\OneDrive - Poly\Documents\4tosemestre\BIGDATA\ClaseBigData\Unit1\practices\practice6Scala.scala
Sep 21, 2022 12:33:12 PM org.eclipse.lsp4j.jsonrpc.services.GenericEndpoint notify
INFO: Unsupported notification method: $/setTrace
Sep 21, 2022 12:33:12 PM org.eclipse.lsp4j.jsonrpc.services.GenericEndpoint notify
INFO: Unsupported notification method: $/setTrace
2022.09.21 12:33:19 WARN  no build target for: C:\Users\Jtellez\OneDrive - Poly\Documents\4tosemestre\BIGDATA\ClaseBigData\Unit1\practices\practice6Scala.scala
